<<<<<<< HEAD
2025-05-07 09:12:17 [32minfo[39m => Connected to MongoDB
2025-05-07 09:12:17 [32minfo[39m => Server is running on port: 8080
2025-05-07 09:13:33 [32minfo[39m => Connected to MongoDB
2025-05-07 09:13:33 [32minfo[39m => Server is running on port: 8080
2025-05-07 09:13:39 [32minfo[39m => Connected to MongoDB
2025-05-07 09:13:39 [32minfo[39m => Server is running on port: 8080
2025-05-07 10:44:37 [31merror[39m => Failed to connect to MongoDB: EIO: i/o error, write
=======
2025-05-07 09:26:50 [32minfo[39m => Connected to MongoDB
2025-05-07 09:26:50 [32minfo[39m => Server is running on port: 8080
2025-05-07 09:27:22 [32minfo[39m => Connected to MongoDB
2025-05-07 09:27:22 [32minfo[39m => Server is running on port: 8080
2025-05-07 09:32:14 [32minfo[39m => Connected to MongoDB
2025-05-07 09:32:14 [32minfo[39m => Server is running on port: 8080
2025-05-07 09:32:27 [32minfo[39m => Connected to MongoDB
2025-05-07 09:32:27 [32minfo[39m => Server is running on port: 8080
2025-05-07 09:33:48 [31merror[39m => Error: User not found or incorrect credentials
2025-05-07 09:34:00 [31merror[39m => Error: User not found or incorrect credentials
2025-05-07 09:34:24 [32minfo[39m => Connected to MongoDB
2025-05-07 09:34:24 [32minfo[39m => Server is running on port: 8080
2025-05-07 09:34:26 [32minfo[39m => Connected to MongoDB
2025-05-07 09:34:26 [32minfo[39m => Server is running on port: 8080
2025-05-07 09:34:36 [31merror[39m => Error: User not found or incorrect credentials
2025-05-07 09:35:13 [32minfo[39m => Connected to MongoDB
2025-05-07 09:35:13 [32minfo[39m => Server is running on port: 8080
2025-05-07 09:35:16 [31merror[39m => Error: User not found or incorrect credentials
2025-05-07 09:36:54 [32minfo[39m => Connected to MongoDB
2025-05-07 09:36:54 [32minfo[39m => Server is running on port: 8080
2025-05-07 09:37:36 [31merror[39m => Error: User not found or incorrect credentials
2025-05-07 09:38:29 [32minfo[39m => Connected to MongoDB
2025-05-07 09:38:29 [32minfo[39m => Server is running on port: 8080
2025-05-07 09:38:55 [31merror[39m => Error: User not found or incorrect credentials
2025-05-07 09:39:19 [32minfo[39m => Connected to MongoDB
2025-05-07 09:39:19 [32minfo[39m => Server is running on port: 8080
2025-05-07 09:39:28 [32minfo[39m => Connected to MongoDB
2025-05-07 09:39:28 [32minfo[39m => Server is running on port: 8080
2025-05-07 09:39:30 [31merror[39m => Error: Cannot read property 'password' of null
2025-05-07 09:40:10 [31merror[39m => Error: Cannot read property 'password' of null
2025-05-07 09:40:28 [32minfo[39m => Connected to MongoDB
2025-05-07 09:40:28 [32minfo[39m => Server is running on port: 8080
2025-05-07 09:40:33 [32minfo[39m => Connected to MongoDB
2025-05-07 09:40:33 [32minfo[39m => Server is running on port: 8080
2025-05-07 09:40:33 [31merror[39m => Error: User not found or incorrect credentials
2025-05-07 09:41:46 [32minfo[39m => Connected to MongoDB
2025-05-07 09:41:46 [32minfo[39m => Server is running on port: 8080
2025-05-07 09:42:35 [31merror[39m => Error: User not found
2025-05-07 09:42:36 [31merror[39m => Error: User not found
2025-05-07 09:42:39 [31merror[39m => Error: User not found
2025-05-07 09:47:10 [32minfo[39m => Connected to MongoDB
2025-05-07 09:47:10 [32minfo[39m => Server is running on port: 8080
2025-05-07 09:50:30 [32minfo[39m => Connected to MongoDB
2025-05-07 09:50:30 [32minfo[39m => Server is running on port: 8080
2025-05-07 09:50:33 [32minfo[39m => Connected to MongoDB
2025-05-07 09:50:33 [32minfo[39m => Server is running on port: 8080
2025-05-07 09:52:39 [32minfo[39m => Connected to MongoDB
2025-05-07 09:52:39 [32minfo[39m => Server is running on port: 8080
2025-05-07 09:52:47 [32minfo[39m => Connected to MongoDB
2025-05-07 09:52:47 [32minfo[39m => Server is running on port: 8080
2025-05-07 09:52:49 [32minfo[39m => Connected to MongoDB
2025-05-07 09:52:49 [32minfo[39m => Server is running on port: 8080
2025-05-07 09:52:51 [32minfo[39m => Connected to MongoDB
2025-05-07 09:52:51 [32minfo[39m => Server is running on port: 8080
2025-05-07 09:52:57 [32minfo[39m => Connected to MongoDB
2025-05-07 09:52:57 [32minfo[39m => Server is running on port: 8080
2025-05-07 09:53:01 [32minfo[39m => Connected to MongoDB
2025-05-07 09:53:01 [32minfo[39m => Server is running on port: 8080
2025-05-07 09:53:04 [32minfo[39m => Connected to MongoDB
2025-05-07 09:53:04 [32minfo[39m => Server is running on port: 8080
2025-05-07 09:53:13 [32minfo[39m => Connected to MongoDB
2025-05-07 09:53:13 [32minfo[39m => Server is running on port: 8080
2025-05-07 09:53:21 [32minfo[39m => Connected to MongoDB
2025-05-07 09:53:21 [32minfo[39m => Server is running on port: 8080
2025-05-07 09:53:27 [32minfo[39m => Connected to MongoDB
2025-05-07 09:53:27 [32minfo[39m => Server is running on port: 8080
2025-05-07 09:54:02 [31merror[39m => Failed to connect to MongoDB: EIO: i/o error, write
2025-05-07 09:54:06 [31merror[39m => Failed to connect to MongoDB: EIO: i/o error, write
2025-05-07 09:54:09 [31merror[39m => Failed to connect to MongoDB: EIO: i/o error, write
2025-05-07 09:55:56 [31merror[39m => Failed to connect to MongoDB: EIO: i/o error, write
2025-05-07 09:55:58 [31merror[39m => Failed to connect to MongoDB: EIO: i/o error, write
2025-05-07 09:56:03 [31merror[39m => Failed to connect to MongoDB: EIO: i/o error, write
2025-05-07 09:56:08 [31merror[39m => Failed to connect to MongoDB: EIO: i/o error, write
2025-05-07 09:56:12 [31merror[39m => Failed to connect to MongoDB: EIO: i/o error, write
2025-05-07 09:56:15 [31merror[39m => Failed to connect to MongoDB: EIO: i/o error, write
2025-05-07 09:56:23 [31merror[39m => Failed to connect to MongoDB: EIO: i/o error, write
2025-05-07 09:56:26 [31merror[39m => Failed to connect to MongoDB: EIO: i/o error, write
2025-05-07 09:56:32 [31merror[39m => Failed to connect to MongoDB: EIO: i/o error, write
2025-05-07 09:56:35 [31merror[39m => Failed to connect to MongoDB: EIO: i/o error, write
2025-05-07 09:56:41 [31merror[39m => Failed to connect to MongoDB: EIO: i/o error, write
2025-05-07 09:56:43 [31merror[39m => Failed to connect to MongoDB: EIO: i/o error, write
2025-05-07 09:56:52 [31merror[39m => Failed to connect to MongoDB: EIO: i/o error, write
2025-05-07 09:56:54 [31merror[39m => Failed to connect to MongoDB: EIO: i/o error, write
2025-05-07 09:57:13 [31merror[39m => Failed to connect to MongoDB: EIO: i/o error, write
2025-05-07 09:57:15 [31merror[39m => Failed to connect to MongoDB: EIO: i/o error, write
2025-05-07 09:57:22 [31merror[39m => Failed to connect to MongoDB: EIO: i/o error, write
2025-05-07 09:57:24 [31merror[39m => Failed to connect to MongoDB: EIO: i/o error, write
2025-05-07 09:57:28 [31merror[39m => Failed to connect to MongoDB: EIO: i/o error, write
2025-05-07 09:58:06 [31merror[39m => Failed to connect to MongoDB: EIO: i/o error, write
2025-05-07 09:58:11 [31merror[39m => Failed to connect to MongoDB: EIO: i/o error, write
2025-05-07 09:58:15 [31merror[39m => Failed to connect to MongoDB: EIO: i/o error, write
2025-05-07 09:58:17 [31merror[39m => Failed to connect to MongoDB: EIO: i/o error, write
2025-05-07 09:58:20 [31merror[39m => Failed to connect to MongoDB: EIO: i/o error, write
2025-05-07 09:58:53 [31merror[39m => Failed to connect to MongoDB: EIO: i/o error, write
2025-05-07 09:58:57 [31merror[39m => Failed to connect to MongoDB: EIO: i/o error, write
2025-05-07 09:59:02 [31merror[39m => Failed to connect to MongoDB: EIO: i/o error, write
2025-05-07 09:59:20 [31merror[39m => Failed to connect to MongoDB: EIO: i/o error, write
2025-05-07 10:00:09 [31merror[39m => Failed to connect to MongoDB: EIO: i/o error, write
2025-05-07 10:05:18 [31merror[39m => Failed to connect to MongoDB: EIO: i/o error, write
2025-05-07 10:06:30 [31merror[39m => Failed to connect to MongoDB: EIO: i/o error, write
2025-05-07 10:06:37 [31merror[39m => Failed to connect to MongoDB: EIO: i/o error, write
2025-05-07 10:06:45 [31merror[39m => Failed to connect to MongoDB: EIO: i/o error, write
2025-05-07 10:06:55 [31merror[39m => Failed to connect to MongoDB: EIO: i/o error, write
2025-05-07 10:06:58 [31merror[39m => Failed to connect to MongoDB: EIO: i/o error, write
2025-05-07 10:07:20 [31merror[39m => Failed to connect to MongoDB: EIO: i/o error, write
2025-05-07 10:07:22 [31merror[39m => Failed to connect to MongoDB: EIO: i/o error, write
2025-05-07 10:07:28 [31merror[39m => Failed to connect to MongoDB: EIO: i/o error, write
2025-05-07 10:07:31 [31merror[39m => Failed to connect to MongoDB: EIO: i/o error, write
2025-05-07 10:43:22 [31merror[39m => Failed to connect to MongoDB: EIO: i/o error, write
>>>>>>> main
